<?xml version="1.0" encoding="UTF-8"?>
<testsuite xmlns:xsi="http://www.w3.org/2001/XMLSchema-instance" xsi:noNamespaceSchemaLocation="https://maven.apache.org/surefire/maven-surefire-plugin/xsd/surefire-test-report.xsd" name="com.epam.Java8_lambda_streams.AppTest" time="0.262" tests="1" errors="0" skipped="0" failures="0">
  <properties>
    <property name="java.specification.version" value="13"/>
    <property name="sun.cpu.isalist" value="amd64"/>
    <property name="sun.jnu.encoding" value="Cp1252"/>
    <property name="java.class.path" value="C:\Users\OLIVA BASU\eclipse-workspace\Java8_lambda_streams\target\test-classes;C:\Users\OLIVA BASU\eclipse-workspace\Java8_lambda_streams\target\classes;C:\Users\OLIVA BASU\.m2\repository\junit\junit\4.11\junit-4.11.jar;C:\Users\OLIVA BASU\.m2\repository\org\hamcrest\hamcrest-core\1.3\hamcrest-core-1.3.jar;"/>
    <property name="java.vm.vendor" value="Oracle Corporation"/>
    <property name="sun.arch.data.model" value="64"/>
    <property name="user.variant" value=""/>
    <property name="java.vendor.url" value="https://java.oracle.com/"/>
    <property name="user.timezone" value="Asia/Calcutta"/>
    <property name="os.name" value="Windows 10"/>
    <property name="java.vm.specification.version" value="13"/>
    <property name="sun.java.launcher" value="SUN_STANDARD"/>
    <property name="user.country" value="IN"/>
    <property name="sun.boot.library.path" value="C:\Program Files\Java\jdk-13.0.2\bin"/>
    <property name="sun.java.command" value="C:\Users\OLIVAB~1\AppData\Local\Temp\surefire9633370904949237468\surefirebooter9394412387971783995.jar C:\Users\OLIVA BASU\AppData\Local\Temp\surefire9633370904949237468 2020-06-25T21-21-40_118-jvmRun1 surefire582894922317896966tmp surefire_08477729563243498681tmp"/>
    <property name="jdk.debug" value="release"/>
    <property name="surefire.test.class.path" value="C:\Users\OLIVA BASU\eclipse-workspace\Java8_lambda_streams\target\test-classes;C:\Users\OLIVA BASU\eclipse-workspace\Java8_lambda_streams\target\classes;C:\Users\OLIVA BASU\.m2\repository\junit\junit\4.11\junit-4.11.jar;C:\Users\OLIVA BASU\.m2\repository\org\hamcrest\hamcrest-core\1.3\hamcrest-core-1.3.jar;"/>
    <property name="sun.cpu.endian" value="little"/>
    <property name="user.home" value="C:\Users\OLIVA BASU"/>
    <property name="user.language" value="en"/>
    <property name="java.specification.vendor" value="Oracle Corporation"/>
    <property name="java.version.date" value="2020-01-14"/>
    <property name="java.home" value="C:\Program Files\Java\jdk-13.0.2"/>
    <property name="file.separator" value="\"/>
    <property name="basedir" value="C:\Users\OLIVA BASU\eclipse-workspace\Java8_lambda_streams"/>
    <property name="java.vm.compressedOopsMode" value="32-bit"/>
    <property name="line.separator" value="&#10;"/>
    <property name="java.vm.specification.vendor" value="Oracle Corporation"/>
    <property name="java.specification.name" value="Java Platform API Specification"/>
    <property name="surefire.real.class.path" value="C:\Users\OLIVAB~1\AppData\Local\Temp\surefire9633370904949237468\surefirebooter9394412387971783995.jar"/>
    <property name="user.script" value=""/>
    <property name="sun.management.compiler" value="HotSpot 64-Bit Tiered Compilers"/>
    <property name="java.runtime.version" value="13.0.2+8"/>
    <property name="user.name" value="OLIVA BASU"/>
    <property name="path.separator" value=";"/>
    <property name="os.version" value="10.0"/>
    <property name="java.runtime.name" value="Java(TM) SE Runtime Environment"/>
    <property name="file.encoding" value="Cp1252"/>
    <property name="java.vm.name" value="Java HotSpot(TM) 64-Bit Server VM"/>
    <property name="localRepository" value="C:\Users\OLIVA BASU\.m2\repository"/>
    <property name="java.vendor.url.bug" value="https://bugreport.java.com/bugreport/"/>
    <property name="java.io.tmpdir" value="C:\Users\OLIVAB~1\AppData\Local\Temp\"/>
    <property name="java.version" value="13.0.2"/>
    <property name="user.dir" value="C:\Users\OLIVA BASU\eclipse-workspace\Java8_lambda_streams"/>
    <property name="os.arch" value="amd64"/>
    <property name="java.vm.specification.name" value="Java Virtual Machine Specification"/>
    <property name="sun.os.patch.level" value=""/>
    <property name="java.library.path" value="C:\Program Files\Java\jdk-13.0.2\bin;C:\windows\Sun\Java\bin;C:\windows\system32;C:\windows;C:/Program Files/Java/jdk-13.0.2/bin/server;C:/Program Files/Java/jdk-13.0.2/bin;C:\Program Files\Python38\Scripts\;C:\Program Files\Python38\;C:\windows\system32;C:\windows;C:\windows\System32\Wbem;C:\windows\System32\WindowsPowerShell\v1.0\;C:\windows\System32\OpenSSH\;C:\Program Files\MATLAB\R2017a\runtime\win64;C:\Program Files\MATLAB\R2017a\bin;C:\Program Files\Git\cmd;C:\Program Files\Java\jdk-13.0.2\bin;C:\Users\OLIVA BASU\anaconda3m;C:\Users\OLIVA BASU\anaconda3m\Library\mingw-w64\bin;C:\Users\OLIVA BASU\anaconda3m\Library\usr\bin;C:\Users\OLIVA BASU\anaconda3m\Library\bin;C:\Users\OLIVA BASU\anaconda3m\Scripts;C:\Users\OLIVA BASU\anaconda3;C:\Users\OLIVA BASU\anaconda3\Library\mingw-w64\bin;C:\Users\OLIVA BASU\anaconda3\Library\usr\bin;C:\Users\OLIVA BASU\anaconda3\Library\bin;C:\Users\OLIVA BASU\anaconda3\Scripts;C:\Users\OLIVA BASU\AppData\Local\Microsoft\WindowsApps;C:\Users\OLIVA BASU\AppData\Local\Programs\Microsoft VS Code\bin;C:\Users\OLIVA BASU\Desktop;;."/>
    <property name="java.vm.info" value="mixed mode, sharing"/>
    <property name="java.vendor" value="Oracle Corporation"/>
    <property name="java.vm.version" value="13.0.2+8"/>
    <property name="sun.io.unicode.encoding" value="UnicodeLittle"/>
    <property name="java.class.version" value="57.0"/>
  </properties>
  <testcase name="shouldAnswerWithTrue" classname="com.epam.Java8_lambda_streams.AppTest" time="0.004"/>
</testsuite>